<?xml version="1.0" encoding="UTF-8"?>
<!-- Generated by org.testng.reporters.JUnitReportReporter -->
<testsuite hostname="LAPTOP-DOBLN3AU" failures="0" tests="2" name="com.qa.addressbook.Tests.HomePageTest" time="0.468" errors="0" timestamp="26 Oct 2021 11:00:13 GMT" skipped="0">
  <testcase classname="com.qa.addressbook.Tests.HomePageTest" name="Printtitle" time="0.135"/>
  <testcase classname="com.qa.addressbook.Tests.HomePageTest" name="searchemailtest" time="0.333"/>
</testsuite> <!-- com.qa.addressbook.Tests.HomePageTest -->
