<?xml version="1.0" encoding="UTF-8"?>
<!-- Generated by org.testng.reporters.JUnitReportReporter -->
<testsuite hostname="LAPTOP-DOBLN3AU" failures="0" tests="1" name="com.qa.addressbook.Tests.ContactpageTest" time="0.087" errors="0" timestamp="26 Oct 2021 11:30:21 GMT" skipped="0">
  <testcase classname="com.qa.addressbook.Tests.ContactpageTest" name="clickContactTest" time="0.087"/>
</testsuite> <!-- com.qa.addressbook.Tests.ContactpageTest -->
