<?xml version="1.0" encoding="UTF-8"?>
<!-- Generated by org.testng.reporters.JUnitReportReporter -->
<testsuite hostname="LAPTOP-DOBLN3AU" failures="0" tests="2" name="com.qa.addressbook.Tests.HomePageTest" time="2.202" errors="0" timestamp="26 Oct 2021 11:30:21 GMT" skipped="0">
  <testcase classname="com.qa.addressbook.Tests.HomePageTest" name="Printtitle" time="0.033"/>
  <testcase classname="com.qa.addressbook.Tests.HomePageTest" name="searchemailtest" time="2.169"/>
</testsuite> <!-- com.qa.addressbook.Tests.HomePageTest -->
